src/app/shop/(app)/pos/page-old.tsx(219,11): error TS1135: Argument expression expected.
src/app/shop/(app)/pos/page-old.tsx(219,12): error TS1128: Declaration or statement expected.
src/app/shop/(app)/pos/page-old.tsx(609,1): error TS1128: Declaration or statement expected.
